
Thanks for using JUnit! Support its development at https://junit.org/sponsoring

╷
├─ JUnit Jupiter ✔
│  ├─ PricingPolicyTests ✔
│  │  ├─ multipleDiscounts() ✔
│  │  ├─ addingDiscount() ✔
│  │  ├─ negativeDateRange() ✔
│  │  ├─ nullBikes() ✔
│  │  ├─ multiMonthDateRange() ✔
│  │  ├─ zeroDateRange() ✔
│  │  ├─ noDiscount() ✔
│  │  └─ noBikes() ✔
│  ├─ TestDateRange ✔
│  │  ├─ testNotEqual() ✔
│  │  ├─ testToDays3() ✔
│  │  ├─ testOverlapsFalse() ✔
│  │  ├─ testToYears1() ✔
│  │  ├─ testToYears3() ✔
│  │  ├─ testOverlapsTrue() ✔
│  │  ├─ testToDaysMany() ✔
│  │  └─ testEquals() ✔
│  ├─ TestLocation ✔
│  │  ├─ testToUpper() ✔
│  │  ├─ testOneCharacter() ✔
│  │  ├─ isNearFalse() ✔
│  │  └─ isNearTrue() ✔
│  └─ SystemTests ✔
│     ├─ testCalculateDepositAssert1() ✔
│     ├─ testCalculateDepositAssert2() ✔
│     ├─ testRegularGetQuotes() ✔
│     ├─ testGetQuotesNotEnoughBikes() ✔
│     ├─ registerPartnerReturnTest1() ✔
│     ├─ registerPartnerReturnTest2() ✔
│     ├─ registerPartnerReturnTest3() ✔
│     ├─ testGetQuotesAssertion1() ✔
│     ├─ testGetQuotesAssertion2() ✔
│     ├─ testGetQuotesAssertion3() ✔
│     ├─ testGetQuotesAssertion4() ✔
│     ├─ parterReturnAssertion1() ✔
│     ├─ parterReturnAssertion2() ✔
│     ├─ testRegularGetAvailableBikes() ✔
│     ├─ testGetQuotesOutOfRange() ✔
│     ├─ testRegularGetQuotesMock() ✔
│     ├─ testRegularBook1() ✔
│     ├─ testRegularBook2() ✔
│     ├─ testRegularBook3() ✔
│     ├─ testRegularBook4() ✔
│     ├─ testRegularBook5() ✔
│     ├─ testRegularBook6() ✔
│     ├─ testNullGetAvailable1() ✔
│     ├─ testNullGetAvailable2() ✔
│     ├─ registerReturnTest1() ✔
│     ├─ registerReturnTest2() ✔
│     ├─ testCalculateHirePriceAssert1() ✔
│     ├─ testCalculateHirePriceAssertNotBikes() ✔
│     ├─ bookQuoteAssertion1() ✔
│     └─ bookQuoteAssertion2() ✔
└─ JUnit Vintage ✔

Test run finished after 111 ms
[         6 containers found      ]
[         0 containers skipped    ]
[         6 containers started    ]
[         0 containers aborted    ]
[         6 containers successful ]
[         0 containers failed     ]
[        50 tests found           ]
[         0 tests skipped         ]
[        50 tests started         ]
[         0 tests aborted         ]
[        50 tests successful      ]
[         0 tests failed          ]

